# JRE version: Java(TM) SE Runtime Environment (8.0_65-b17) (build 1.8.0_65-b17)
# Java VM: Java HotSpot(TM) 64-Bit Server VM (25.65-b01 mixed mode windows-amd64 compressed oops)
Heap:
 PSYoungGen      total 217088K, used 65757K [0x00000000d6000000, 0x00000000e9000000, 0x0000000100000000)
  eden space 202752K, 25% used [0x00000000d6000000,0x00000000d923ac00,0x00000000e2600000)
  from space 14336K, 99% used [0x00000000e2600000,0x00000000e33fca30,0x00000000e3400000)
  to   space 21504K, 0% used [0x00000000e7b00000,0x00000000e7b00000,0x00000000e9000000)
 ParOldGen       total 93184K, used 36025K [0x0000000082000000, 0x0000000087b00000, 0x00000000d6000000)
  object space 93184K, 38% used [0x0000000082000000,0x000000008432e638,0x0000000087b00000)
 Metaspace       used 45664K, capacity 46208K, committed 46592K, reserved 1089536K
  class space    used 5712K, capacity 5878K, committed 5888K, reserved 1048576K
GC Heap History (10 events):
Event: 5.350 GC heap before
{Heap before GC invocations=9 (full 1):
 PSYoungGen      total 133120K, used 131655K [0x00000000d6000000, 0x00000000e0b00000, 0x0000000100000000)
  eden space 122880K, 100% used [0x00000000d6000000,0x00000000dd800000,0x00000000dd800000)
  from space 10240K, 85% used [0x00000000dd800000,0x00000000de091c08,0x00000000de200000)
  to   space 11264K, 0% used [0x00000000e0000000,0x00000000e0000000,0x00000000e0b00000)
 ParOldGen       total 62464K, used 9796K [0x0000000082000000, 0x0000000085d00000, 0x00000000d6000000)
  object space 62464K, 15% used [0x0000000082000000,0x0000000082991290,0x0000000085d00000)
 Metaspace       used 30350K, capacity 30716K, committed 30976K, reserved 1077248K
  class space    used 3633K, capacity 3744K, committed 3840K, reserved 1048576K
Event: 5.405 GC heap after
Heap after GC invocations=9 (full 1):
 PSYoungGen      total 163328K, used 9674K [0x00000000d6000000, 0x00000000e3380000, 0x0000000100000000)
  eden space 152064K, 0% used [0x00000000d6000000,0x00000000d6000000,0x00000000df480000)
  from space 11264K, 85% used [0x00000000e0000000,0x00000000e0972908,0x00000000e0b00000)
  to   space 11776K, 0% used [0x00000000df480000,0x00000000df480000,0x00000000e0000000)
 ParOldGen       total 62464K, used 9804K [0x0000000082000000, 0x0000000085d00000, 0x00000000d6000000)
  object space 62464K, 15% used [0x0000000082000000,0x0000000082993290,0x0000000085d00000)
 Metaspace       used 30350K, capacity 30716K, committed 30976K, reserved 1077248K
  class space    used 3633K, capacity 3744K, committed 3840K, reserved 1048576K
}
Event: 6.994 GC heap before
{Heap before GC invocations=10 (full 1):
 PSYoungGen      total 163328K, used 161738K [0x00000000d6000000, 0x00000000e3380000, 0x0000000100000000)
  eden space 152064K, 100% used [0x00000000d6000000,0x00000000df480000,0x00000000df480000)
  from space 11264K, 85% used [0x00000000e0000000,0x00000000e0972908,0x00000000e0b00000)
  to   space 11776K, 0% used [0x00000000df480000,0x00000000df480000,0x00000000e0000000)
 ParOldGen       total 62464K, used 9804K [0x0000000082000000, 0x0000000085d00000, 0x00000000d6000000)
  object space 62464K, 15% used [0x0000000082000000,0x0000000082993290,0x0000000085d00000)
 Metaspace       used 32644K, capacity 33060K, committed 33536K, reserved 1079296K
  class space    used 3938K, capacity 4044K, committed 4096K, reserved 1048576K
Event: 7.026 GC heap after
Heap after GC invocations=10 (full 1):
 PSYoungGen      total 163840K, used 11770K [0x00000000d6000000, 0x00000000e4180000, 0x0000000100000000)
  eden space 152064K, 0% used [0x00000000d6000000,0x00000000d6000000,0x00000000df480000)
  from space 11776K, 99% used [0x00000000df480000,0x00000000dfffe870,0x00000000e0000000)
  to   space 13824K, 0% used [0x00000000e3400000,0x00000000e3400000,0x00000000e4180000)
 ParOldGen       total 62464K, used 11204K [0x0000000082000000, 0x0000000085d00000, 0x00000000d6000000)
  object space 62464K, 17% used [0x0000000082000000,0x0000000082af1150,0x0000000085d00000)
 Metaspace       used 32644K, capacity 33060K, committed 33536K, reserved 1079296K
  class space    used 3938K, capacity 4044K, committed 4096K, reserved 1048576K
}
Event: 7.325 GC heap before
{Heap before GC invocations=11 (full 1):
 PSYoungGen      total 163840K, used 33173K [0x00000000d6000000, 0x00000000e4180000, 0x0000000100000000)
  eden space 152064K, 14% used [0x00000000d6000000,0x00000000d74e6e68,0x00000000df480000)
  from space 11776K, 99% used [0x00000000df480000,0x00000000dfffe870,0x00000000e0000000)
  to   space 13824K, 0% used [0x00000000e3400000,0x00000000e3400000,0x00000000e4180000)
 ParOldGen       total 62464K, used 11204K [0x0000000082000000, 0x0000000085d00000, 0x00000000d6000000)
  object space 62464K, 17% used [0x0000000082000000,0x0000000082af1150,0x0000000085d00000)
 Metaspace       used 34908K, capacity 35252K, committed 35496K, reserved 1081344K
  class space    used 4229K, capacity 4344K, committed 4352K, reserved 1048576K
Event: 7.342 GC heap after
Heap after GC invocations=11 (full 1):
 PSYoungGen      total 216576K, used 9745K [0x00000000d6000000, 0x00000000e4880000, 0x0000000100000000)
  eden space 202752K, 0% used [0x00000000d6000000,0x00000000d6000000,0x00000000e2600000)
  from space 13824K, 70% used [0x00000000e3400000,0x00000000e3d845c0,0x00000000e4180000)
  to   space 14336K, 0% used [0x00000000e2600000,0x00000000e2600000,0x00000000e3400000)
 ParOldGen       total 62464K, used 15056K [0x0000000082000000, 0x0000000085d00000, 0x00000000d6000000)
  object space 62464K, 24% used [0x0000000082000000,0x0000000082eb41d0,0x0000000085d00000)
 Metaspace       used 34908K, capacity 35252K, committed 35496K, reserved 1081344K
  class space    used 4229K, capacity 4344K, committed 4352K, reserved 1048576K
}
Event: 7.342 GC heap before
{Heap before GC invocations=12 (full 2):
 PSYoungGen      total 216576K, used 9745K [0x00000000d6000000, 0x00000000e4880000, 0x0000000100000000)
  eden space 202752K, 0% used [0x00000000d6000000,0x00000000d6000000,0x00000000e2600000)
  from space 13824K, 70% used [0x00000000e3400000,0x00000000e3d845c0,0x00000000e4180000)
  to   space 14336K, 0% used [0x00000000e2600000,0x00000000e2600000,0x00000000e3400000)
 ParOldGen       total 62464K, used 15056K [0x0000000082000000, 0x0000000085d00000, 0x00000000d6000000)
  object space 62464K, 24% used [0x0000000082000000,0x0000000082eb41d0,0x0000000085d00000)
 Metaspace       used 34908K, capacity 35252K, committed 35496K, reserved 1081344K
  class space    used 4229K, capacity 4344K, committed 4352K, reserved 1048576K
Event: 7.450 GC heap after
Heap after GC invocations=12 (full 2):
 PSYoungGen      total 216576K, used 0K [0x00000000d6000000, 0x00000000e4880000, 0x0000000100000000)
  eden space 202752K, 0% used [0x00000000d6000000,0x00000000d6000000,0x00000000e2600000)
  from space 13824K, 0% used [0x00000000e3400000,0x00000000e3400000,0x00000000e4180000)
  to   space 14336K, 0% used [0x00000000e2600000,0x00000000e2600000,0x00000000e3400000)
 ParOldGen       total 93184K, used 21087K [0x0000000082000000, 0x0000000087b00000, 0x00000000d6000000)
  object space 93184K, 22% used [0x0000000082000000,0x0000000083497e38,0x0000000087b00000)
 Metaspace       used 34908K, capacity 35252K, committed 35496K, reserved 1081344K
  class space    used 4229K, capacity 4344K, committed 4352K, reserved 1048576K
}
Event: 307.224 GC heap before
{Heap before GC invocations=13 (full 2):
 PSYoungGen      total 216576K, used 202752K [0x00000000d6000000, 0x00000000e4880000, 0x0000000100000000)
  eden space 202752K, 100% used [0x00000000d6000000,0x00000000e2600000,0x00000000e2600000)
  from space 13824K, 0% used [0x00000000e3400000,0x00000000e3400000,0x00000000e4180000)
  to   space 14336K, 0% used [0x00000000e2600000,0x00000000e2600000,0x00000000e3400000)
 ParOldGen       total 93184K, used 21087K [0x0000000082000000, 0x0000000087b00000, 0x00000000d6000000)
  object space 93184K, 22% used [0x0000000082000000,0x0000000083497e38,0x0000000087b00000)
 Metaspace       used 45291K, capacity 45794K, committed 46336K, reserved 1089536K
  class space    used 5704K, capacity 5873K, committed 5888K, reserved 1048576K
Event: 307.265 GC heap after
Heap after GC invocations=13 (full 2):
 PSYoungGen      total 217088K, used 14322K [0x00000000d6000000, 0x00000000e9000000, 0x0000000100000000)
  eden space 202752K, 0% used [0x00000000d6000000,0x00000000d6000000,0x00000000e2600000)
  from space 14336K, 99% used [0x00000000e2600000,0x00000000e33fca30,0x00000000e3400000)
  to   space 21504K, 0% used [0x00000000e7b00000,0x00000000e7b00000,0x00000000e9000000)
 ParOldGen       total 93184K, used 36025K [0x0000000082000000, 0x0000000087b00000, 0x00000000d6000000)
  object space 93184K, 38% used [0x0000000082000000,0x000000008432e638,0x0000000087b00000)
 Metaspace       used 45291K, capacity 45794K, committed 46336K, reserved 1089536K
  class space    used 5704K, capacity 5873K, committed 5888K, reserved 1048576K
}

